[ 2011-02-17T16:36:49+08:00 ] SQL: SHOW COLUMNS FROM fl_category [ RunTime:0.161259s ]
[ 2011-02-17T16:36:49+08:00 ] SQL: SELECT * FROM `fl_category` [ RunTime:0.062300s ]
[ 2011-02-17T16:36:49+08:00 ] SQL: SHOW COLUMNS FROM fl_article [ RunTime:0.062532s ]
[ 2011-02-17T16:36:49+08:00 ] SQL: SHOW COLUMNS FROM fl_category [ RunTime:0.041650s ]
[ 2011-02-17T16:36:49+08:00 ] SQL: SHOW COLUMNS FROM fl_user [ RunTime:0.088643s ]
[ 2011-02-17T16:36:49+08:00 ] SQL: SELECT COUNT(*) AS tp_count FROM fl_article article  JOIN fl_category category ON article.cid=category.id  JOIN fl_user user ON article.uid=user.id WHERE status=1 LIMIT 1  [ RunTime:0.112555s ]
[ 2011-02-17T16:36:49+08:00 ] SQL: SELECT article.id AS id,article.title AS title,article.create_time AS create_time,article.content AS content,category.id AS category_id,category.name AS category_name,user.name AS name FROM fl_article article  JOIN fl_category category ON article.cid=category.id  JOIN fl_user user ON article.uid=user.id WHERE status=1 ORDER BY article.id desc LIMIT 0,8  [ RunTime:0.014670s ]
[ 2011-02-17T16:37:11+08:00 ] SQL: SHOW COLUMNS FROM fl_category [ RunTime:0.015147s ]
[ 2011-02-17T16:37:11+08:00 ] SQL: SELECT * FROM `fl_category` [ RunTime:0.032379s ]
[ 2011-02-17T16:37:11+08:00 ] SQL: SHOW COLUMNS FROM fl_article [ RunTime:0.017749s ]
[ 2011-02-17T16:37:11+08:00 ] SQL: SHOW COLUMNS FROM fl_category [ RunTime:0.056697s ]
[ 2011-02-17T16:37:11+08:00 ] SQL: SHOW COLUMNS FROM fl_user [ RunTime:0.039427s ]
[ 2011-02-17T16:37:11+08:00 ] SQL: SELECT COUNT(*) AS tp_count FROM fl_article article  JOIN fl_category category ON article.cid=category.id  JOIN fl_user user ON article.uid=user.id WHERE category.id=13 LIMIT 1  [ RunTime:0.025953s ]
[ 2011-02-17T16:37:11+08:00 ] SQL: SELECT article.id AS id,article.title AS title,article.create_time AS create_time,article.content AS content,category.id AS category_id,category.name AS category_name,user.name AS name FROM fl_article article  JOIN fl_category category ON article.cid=category.id  JOIN fl_user user ON article.uid=user.id WHERE category.id=13 [ RunTime:0.001311s ]
[ 2011-02-17T16:37:17+08:00 ] SQL: SHOW COLUMNS FROM fl_category [ RunTime:0.012660s ]
[ 2011-02-17T16:37:17+08:00 ] SQL: SELECT * FROM `fl_category` [ RunTime:0.025468s ]
[ 2011-02-17T16:37:17+08:00 ] SQL: SHOW COLUMNS FROM fl_article [ RunTime:0.012788s ]
[ 2011-02-17T16:37:17+08:00 ] SQL: SHOW COLUMNS FROM fl_category [ RunTime:0.049212s ]
[ 2011-02-17T16:37:17+08:00 ] SQL: SHOW COLUMNS FROM fl_user [ RunTime:0.038483s ]
[ 2011-02-17T16:37:17+08:00 ] SQL: SELECT article.id AS id,article.title AS title,article.create_time AS create_time,article.content AS content,category.id AS category_id,category.name AS category_name,user.name AS name FROM fl_article article  JOIN fl_category category ON article.cid=category.id  JOIN fl_user user ON article.uid=user.id WHERE article.id=20 LIMIT 1  [ RunTime:0.029724s ]
[ 2011-02-17T16:37:17+08:00 ] NOTIC: [8] Undefined variable: page IndexAction.class.php 第 66 行.
[ 2011-02-17T16:37:25+08:00 ] SQL: SHOW COLUMNS FROM fl_category [ RunTime:0.029470s ]
[ 2011-02-17T16:37:25+08:00 ] SQL: SELECT * FROM `fl_category` [ RunTime:0.061850s ]
[ 2011-02-17T16:37:25+08:00 ] SQL: SHOW COLUMNS FROM fl_article [ RunTime:0.029513s ]
[ 2011-02-17T16:37:25+08:00 ] SQL: SHOW COLUMNS FROM fl_category [ RunTime:0.050955s ]
[ 2011-02-17T16:37:25+08:00 ] SQL: SHOW COLUMNS FROM fl_user [ RunTime:0.050717s ]
[ 2011-02-17T16:37:25+08:00 ] SQL: SELECT COUNT(*) AS tp_count FROM fl_article article  JOIN fl_category category ON article.cid=category.id  JOIN fl_user user ON article.uid=user.id WHERE status=1 LIMIT 1  [ RunTime:0.031780s ]
[ 2011-02-17T16:37:25+08:00 ] SQL: SELECT article.id AS id,article.title AS title,article.create_time AS create_time,article.content AS content,category.id AS category_id,category.name AS category_name,user.name AS name FROM fl_article article  JOIN fl_category category ON article.cid=category.id  JOIN fl_user user ON article.uid=user.id WHERE status=1 ORDER BY article.id desc LIMIT 0,8  [ RunTime:0.000909s ]
